<?xml version="1.0" encoding="UTF-8"?>
<!-- Generated by org.testng.reporters.JUnitXMLReporter -->
<testsuite ignored="1" hostname="AnitaShankar" failures="0" tests="2" name="Test" time="11.09" errors="0" timestamp="2025-06-11T20:30:07 IST">
  <testcase classname="baseClass.BaseCLass" name="@BeforeMethod beforeMethod" time="0.442">
    <failure type="java.lang.NullPointerException">
      <![CDATA[java.lang.NullPointerException
at java.base/java.util.Objects.requireNonNull(Objects.java:233)
at java.base/java.util.ImmutableCollections$Map1.<init>(ImmutableCollections.java:1112)
at java.base/java.util.Map.of(Map.java:1365)
at org.openqa.selenium.remote.DriverCommand.GET(DriverCommand.java:177)
at org.openqa.selenium.remote.RemoteWebDriver.get(RemoteWebDriver.java:313)
at objectRepository.LoginPage.login(LoginPage.java:45)
at baseClass.BaseCLass.beforeMethod(BaseCLass.java:68)
at java.base/java.util.ArrayList.forEach(ArrayList.java:1596)
... Removed 29 stack frames]]>
    </failure>
  </testcase> <!-- @BeforeMethod beforeMethod -->
  <testcase classname="baseClass.BaseCLass" name="@AfterMethod afterMethod" time="0.0">
    <skipped/>
  </testcase> <!-- @AfterMethod afterMethod -->
  <testcase classname="baseClass.BaseCLass" name="@BeforeMethod beforeMethod" time="0.0">
    <skipped/>
  </testcase> <!-- @BeforeMethod beforeMethod -->
  <testcase classname="baseClass.BaseCLass" name="@AfterMethod afterMethod" time="0.0">
    <skipped/>
  </testcase> <!-- @AfterMethod afterMethod -->
  <testcase classname="baseClass.BaseCLass" name="@AfterClass afterClass" time="0.0">
    <skipped/>
  </testcase> <!-- @AfterClass afterClass -->
  <testcase classname="campaignTestUsingTestNG.createCampaignTest" name="CreateCampaignWithStatusFieldTest" time="0.001">
    <skipped/>
  </testcase> <!-- CreateCampaignWithStatusFieldTest -->
  <testcase classname="campaignTestUsingTestNG.createCampaignTest" name="createCampaignWithMandatoryFieldTest" time="0.0">
    <skipped/>
  </testcase> <!-- createCampaignWithMandatoryFieldTest -->
  <testcase classname="campaignTestUsingTestNG.createCampaignTest" name="CreateCampaignWithExpectedCloseDateFieldTest" time="0.0">
    <ignored/>
  </testcase> <!-- CreateCampaignWithExpectedCloseDateFieldTest -->
</testsuite> <!-- Test -->
